  [1m[36m (281.6ms)[0m  [1mCREATE TABLE `schema_migrations` (`version` varchar(255) NOT NULL) ENGINE=InnoDB[0m
  [1m[35m (483.1ms)[0m  CREATE UNIQUE INDEX `unique_schema_migrations`  ON `schema_migrations` (`version`) 
  [1m[36mActiveRecord::SchemaMigration Load (0.3ms)[0m  [1mSELECT `schema_migrations`.* FROM `schema_migrations`[0m
Migrating to DeviseCreateUsers (20160218221903)
  [1m[35m (240.4ms)[0m  CREATE TABLE `users` (`id` int(11) auto_increment PRIMARY KEY, `email` varchar(255) DEFAULT '' NOT NULL, `encrypted_password` varchar(255) DEFAULT '' NOT NULL, `name` varchar(255), `reset_password_token` varchar(255), `reset_password_sent_at` datetime, `remember_created_at` datetime, `sign_in_count` int(11) DEFAULT 0 NOT NULL, `current_sign_in_at` datetime, `last_sign_in_at` datetime, `current_sign_in_ip` varchar(255), `last_sign_in_ip` varchar(255), `created_at` datetime NOT NULL, `updated_at` datetime NOT NULL) ENGINE=InnoDB
  [1m[36m (256.6ms)[0m  [1mCREATE UNIQUE INDEX `index_users_on_email`  ON `users` (`email`) [0m
  [1m[35m (279.9ms)[0m  CREATE UNIQUE INDEX `index_users_on_reset_password_token`  ON `users` (`reset_password_token`) 
  [1m[36m (0.2ms)[0m  [1mBEGIN[0m
  [1m[35mSQL (0.2ms)[0m  INSERT INTO `schema_migrations` (`version`) VALUES ('20160218221903')
  [1m[36m (39.7ms)[0m  [1mCOMMIT[0m
Migrating to CreateAdresses (20160218223000)
  [1m[35m (236.3ms)[0m  CREATE TABLE `adresses` (`id` int(11) auto_increment PRIMARY KEY, `street` varchar(255), `district` varchar(255), `number` int(11), `state` varchar(255), `city` varchar(255), `created_at` datetime NOT NULL, `updated_at` datetime NOT NULL) ENGINE=InnoDB
  [1m[36m (0.2ms)[0m  [1mBEGIN[0m
  [1m[35mSQL (0.3ms)[0m  INSERT INTO `schema_migrations` (`version`) VALUES ('20160218223000')
  [1m[36m (31.9ms)[0m  [1mCOMMIT[0m
Migrating to CreateClients (20160218224013)
  [1m[35m (266.8ms)[0m  CREATE TABLE `clients` (`id` int(11) auto_increment PRIMARY KEY, `name` varchar(255), `phone` varchar(255), `email` varchar(255), `cpf` varchar(255), `salario` float, `RG` varchar(255), `adress_id` int(11), `created_at` datetime NOT NULL, `updated_at` datetime NOT NULL,  INDEX `index_clients_on_adress_id`  (`adress_id`) ) ENGINE=InnoDB
  [1m[36m (793.2ms)[0m  [1mALTER TABLE `clients` ADD CONSTRAINT `fk_rails_44f39ca513`
FOREIGN KEY (`adress_id`)
  REFERENCES `adresses` (`id`)
[0m
  [1m[35m (0.1ms)[0m  BEGIN
  [1m[36mSQL (0.2ms)[0m  [1mINSERT INTO `schema_migrations` (`version`) VALUES ('20160218224013')[0m
  [1m[35m (43.2ms)[0m  COMMIT
Migrating to CreateCompanies (20160218224826)
  [1m[36m (313.1ms)[0m  [1mCREATE TABLE `companies` (`id` int(11) auto_increment PRIMARY KEY, `name` varchar(255), `cnpj` varchar(255), `phone` varchar(255), `branch` varchar(255), `adress_id` int(11), `created_at` datetime NOT NULL, `updated_at` datetime NOT NULL,  INDEX `index_companies_on_adress_id`  (`adress_id`) ) ENGINE=InnoDB[0m
  [1m[35m (637.8ms)[0m  ALTER TABLE `companies` ADD CONSTRAINT `fk_rails_98f458437c`
FOREIGN KEY (`adress_id`)
  REFERENCES `adresses` (`id`)

  [1m[36m (0.2ms)[0m  [1mBEGIN[0m
  [1m[35mSQL (0.2ms)[0m  INSERT INTO `schema_migrations` (`version`) VALUES ('20160218224826')
  [1m[36m (43.0ms)[0m  [1mCOMMIT[0m
Migrating to CreateSellers (20160218230200)
  [1m[35m (399.8ms)[0m  CREATE TABLE `sellers` (`id` int(11) auto_increment PRIMARY KEY, `name` varchar(255), `cpf` varchar(255), `salario` varchar(255), `adress_id` int(11), `company_id` int(11), `created_at` datetime NOT NULL, `updated_at` datetime NOT NULL,  INDEX `index_sellers_on_adress_id`  (`adress_id`) ,  INDEX `index_sellers_on_company_id`  (`company_id`) ) ENGINE=InnoDB
  [1m[36m (628.7ms)[0m  [1mALTER TABLE `sellers` ADD CONSTRAINT `fk_rails_52989331b0`
FOREIGN KEY (`adress_id`)
  REFERENCES `adresses` (`id`)
[0m
  [1m[35m (749.0ms)[0m  ALTER TABLE `sellers` ADD CONSTRAINT `fk_rails_10fb31c34b`
FOREIGN KEY (`company_id`)
  REFERENCES `companies` (`id`)

  [1m[36m (0.2ms)[0m  [1mBEGIN[0m
  [1m[35mSQL (0.3ms)[0m  INSERT INTO `schema_migrations` (`version`) VALUES ('20160218230200')
  [1m[36m (31.3ms)[0m  [1mCOMMIT[0m
Migrating to CreateSuppliers (20160218231047)
  [1m[35m (312.3ms)[0m  CREATE TABLE `suppliers` (`id` int(11) auto_increment PRIMARY KEY, `name` varchar(255), `cpnj` varchar(255), `phone` varchar(255), `adress_id` int(11), `created_at` datetime NOT NULL, `updated_at` datetime NOT NULL,  INDEX `index_suppliers_on_adress_id`  (`adress_id`) ) ENGINE=InnoDB
  [1m[36m (748.6ms)[0m  [1mALTER TABLE `suppliers` ADD CONSTRAINT `fk_rails_a382d06035`
FOREIGN KEY (`adress_id`)
  REFERENCES `adresses` (`id`)
[0m
  [1m[35m (0.2ms)[0m  BEGIN
  [1m[36mSQL (0.3ms)[0m  [1mINSERT INTO `schema_migrations` (`version`) VALUES ('20160218231047')[0m
  [1m[35m (42.6ms)[0m  COMMIT
Migrating to CreateProducts (20160218233811)
  [1m[36m (266.8ms)[0m  [1mCREATE TABLE `products` (`id` int(11) auto_increment PRIMARY KEY, `name` varchar(255), `quantity` float, `price` float, `supplier_id` int(11), `created_at` datetime NOT NULL, `updated_at` datetime NOT NULL,  INDEX `index_products_on_supplier_id`  (`supplier_id`) ) ENGINE=InnoDB[0m
  [1m[35m (718.1ms)[0m  ALTER TABLE `products` ADD CONSTRAINT `fk_rails_1aa9b0116b`
FOREIGN KEY (`supplier_id`)
  REFERENCES `suppliers` (`id`)

  [1m[36m (0.1ms)[0m  [1mBEGIN[0m
  [1m[35mSQL (0.2ms)[0m  INSERT INTO `schema_migrations` (`version`) VALUES ('20160218233811')
  [1m[36m (43.1ms)[0m  [1mCOMMIT[0m
  [1m[35mActiveRecord::SchemaMigration Load (0.3ms)[0m  SELECT `schema_migrations`.* FROM `schema_migrations`
  [1m[36m (0.3ms)[0m  [1mSELECT fk.referenced_table_name as 'to_table'
      ,fk.referenced_column_name as 'primary_key'
      ,fk.column_name as 'column'
      ,fk.constraint_name as 'name'
FROM information_schema.key_column_usage fk
WHERE fk.referenced_column_name is not null
  AND fk.table_schema = 'antERP_development'
  AND fk.table_name = 'adresses'
[0m
  [1m[35m (0.1ms)[0m  SHOW CREATE TABLE `adresses`
  [1m[36m (0.2ms)[0m  [1mSELECT fk.referenced_table_name as 'to_table'
      ,fk.referenced_column_name as 'primary_key'
      ,fk.column_name as 'column'
      ,fk.constraint_name as 'name'
FROM information_schema.key_column_usage fk
WHERE fk.referenced_column_name is not null
  AND fk.table_schema = 'antERP_development'
  AND fk.table_name = 'clients'
[0m
  [1m[35m (0.2ms)[0m  SHOW CREATE TABLE `clients`
  [1m[36m (0.2ms)[0m  [1mSELECT fk.referenced_table_name as 'to_table'
      ,fk.referenced_column_name as 'primary_key'
      ,fk.column_name as 'column'
      ,fk.constraint_name as 'name'
FROM information_schema.key_column_usage fk
WHERE fk.referenced_column_name is not null
  AND fk.table_schema = 'antERP_development'
  AND fk.table_name = 'companies'
[0m
  [1m[35m (0.1ms)[0m  SHOW CREATE TABLE `companies`
  [1m[36m (0.2ms)[0m  [1mSELECT fk.referenced_table_name as 'to_table'
      ,fk.referenced_column_name as 'primary_key'
      ,fk.column_name as 'column'
      ,fk.constraint_name as 'name'
FROM information_schema.key_column_usage fk
WHERE fk.referenced_column_name is not null
  AND fk.table_schema = 'antERP_development'
  AND fk.table_name = 'products'
[0m
  [1m[35m (0.1ms)[0m  SHOW CREATE TABLE `products`
  [1m[36m (0.2ms)[0m  [1mSELECT fk.referenced_table_name as 'to_table'
      ,fk.referenced_column_name as 'primary_key'
      ,fk.column_name as 'column'
      ,fk.constraint_name as 'name'
FROM information_schema.key_column_usage fk
WHERE fk.referenced_column_name is not null
  AND fk.table_schema = 'antERP_development'
  AND fk.table_name = 'sellers'
[0m
  [1m[35m (0.1ms)[0m  SHOW CREATE TABLE `sellers`
  [1m[36m (0.2ms)[0m  [1mSELECT fk.referenced_table_name as 'to_table'
      ,fk.referenced_column_name as 'primary_key'
      ,fk.column_name as 'column'
      ,fk.constraint_name as 'name'
FROM information_schema.key_column_usage fk
WHERE fk.referenced_column_name is not null
  AND fk.table_schema = 'antERP_development'
  AND fk.table_name = 'suppliers'
[0m
  [1m[35m (0.1ms)[0m  SHOW CREATE TABLE `suppliers`
  [1m[36m (0.2ms)[0m  [1mSELECT fk.referenced_table_name as 'to_table'
      ,fk.referenced_column_name as 'primary_key'
      ,fk.column_name as 'column'
      ,fk.constraint_name as 'name'
FROM information_schema.key_column_usage fk
WHERE fk.referenced_column_name is not null
  AND fk.table_schema = 'antERP_development'
  AND fk.table_name = 'users'
[0m
  [1m[35m (0.2ms)[0m  SHOW CREATE TABLE `users`


Started GET "/" for 127.0.0.1 at 2016-02-18 23:14:22 -0200
  [1m[36mActiveRecord::SchemaMigration Load (0.3ms)[0m  [1mSELECT `schema_migrations`.* FROM `schema_migrations`[0m
Processing by Rails::WelcomeController#index as HTML
  Rendered /var/lib/gems/2.1.0/gems/railties-4.2.5.1/lib/rails/templates/rails/welcome/index.html.erb (1.7ms)
Completed 200 OK in 47ms (Views: 37.2ms | ActiveRecord: 0.0ms)


Started GET "/usuarios" for 127.0.0.1 at 2016-02-18 23:14:38 -0200

ActionController::RoutingError (No route matches [GET] "/usuarios"):
  actionpack (4.2.5.1) lib/action_dispatch/middleware/debug_exceptions.rb:21:in `call'
  web-console (2.3.0) lib/web_console/middleware.rb:28:in `block in call'
  web-console (2.3.0) lib/web_console/middleware.rb:18:in `catch'
  web-console (2.3.0) lib/web_console/middleware.rb:18:in `call'
  actionpack (4.2.5.1) lib/action_dispatch/middleware/show_exceptions.rb:30:in `call'
  railties (4.2.5.1) lib/rails/rack/logger.rb:38:in `call_app'
  railties (4.2.5.1) lib/rails/rack/logger.rb:20:in `block in call'
  activesupport (4.2.5.1) lib/active_support/tagged_logging.rb:68:in `block in tagged'
  activesupport (4.2.5.1) lib/active_support/tagged_logging.rb:26:in `tagged'
  activesupport (4.2.5.1) lib/active_support/tagged_logging.rb:68:in `tagged'
  railties (4.2.5.1) lib/rails/rack/logger.rb:20:in `call'
  actionpack (4.2.5.1) lib/action_dispatch/middleware/request_id.rb:21:in `call'
  rack (1.6.4) lib/rack/methodoverride.rb:22:in `call'
  rack (1.6.4) lib/rack/runtime.rb:18:in `call'
  activesupport (4.2.5.1) lib/active_support/cache/strategy/local_cache_middleware.rb:28:in `call'
  rack (1.6.4) lib/rack/lock.rb:17:in `call'
  actionpack (4.2.5.1) lib/action_dispatch/middleware/static.rb:116:in `call'
  rack (1.6.4) lib/rack/sendfile.rb:113:in `call'
  railties (4.2.5.1) lib/rails/engine.rb:518:in `call'
  railties (4.2.5.1) lib/rails/application.rb:165:in `call'
  rack (1.6.4) lib/rack/lock.rb:17:in `call'
  rack (1.6.4) lib/rack/content_length.rb:15:in `call'
  rack (1.6.4) lib/rack/handler/webrick.rb:88:in `service'
  /usr/lib/ruby/2.1.0/webrick/httpserver.rb:138:in `service'
  /usr/lib/ruby/2.1.0/webrick/httpserver.rb:94:in `run'
  /usr/lib/ruby/2.1.0/webrick/server.rb:295:in `block in start_thread'


  Rendered /var/lib/gems/2.1.0/gems/actionpack-4.2.5.1/lib/action_dispatch/middleware/templates/rescues/_trace.html.erb (1.6ms)
  Rendered /var/lib/gems/2.1.0/gems/actionpack-4.2.5.1/lib/action_dispatch/middleware/templates/routes/_route.html.erb (4.3ms)
  Rendered /var/lib/gems/2.1.0/gems/actionpack-4.2.5.1/lib/action_dispatch/middleware/templates/routes/_table.html.erb (7.5ms)
  Rendered /var/lib/gems/2.1.0/gems/actionpack-4.2.5.1/lib/action_dispatch/middleware/templates/rescues/_request_and_response.html.erb (1.4ms)
  Rendered /var/lib/gems/2.1.0/gems/actionpack-4.2.5.1/lib/action_dispatch/middleware/templates/rescues/routing_error.html.erb within rescues/layout (56.7ms)
  Rendered /var/lib/gems/2.1.0/gems/web-console-2.3.0/lib/web_console/templates/_markup.html.erb (0.4ms)
  Rendered /var/lib/gems/2.1.0/gems/web-console-2.3.0/lib/web_console/templates/_inner_console_markup.html.erb within layouts/inlined_string (0.5ms)
  Rendered /var/lib/gems/2.1.0/gems/web-console-2.3.0/lib/web_console/templates/_prompt_box_markup.html.erb within layouts/inlined_string (0.3ms)
  Rendered /var/lib/gems/2.1.0/gems/web-console-2.3.0/lib/web_console/templates/style.css.erb within layouts/inlined_string (0.4ms)
  Rendered /var/lib/gems/2.1.0/gems/web-console-2.3.0/lib/web_console/templates/console.js.erb within layouts/javascript (26.7ms)
  Rendered /var/lib/gems/2.1.0/gems/web-console-2.3.0/lib/web_console/templates/main.js.erb within layouts/javascript (0.4ms)
  Rendered /var/lib/gems/2.1.0/gems/web-console-2.3.0/lib/web_console/templates/error_page.js.erb within layouts/javascript (0.4ms)
  Rendered /var/lib/gems/2.1.0/gems/web-console-2.3.0/lib/web_console/templates/index.html.erb (44.6ms)


Started GET "/products/index" for 127.0.0.1 at 2016-02-18 23:15:12 -0200
Processing by ProductsController#show as HTML
  Parameters: {"id"=>"index"}
Completed 401 Unauthorized in 11ms (ActiveRecord: 0.0ms)


Started GET "/users/sign_in" for 127.0.0.1 at 2016-02-18 23:15:12 -0200
Processing by Devise::SessionsController#new as HTML
  Rendered /var/lib/gems/2.1.0/gems/devise-3.5.6/app/views/devise/shared/_links.html.erb (8.0ms)
  Rendered /var/lib/gems/2.1.0/gems/devise-3.5.6/app/views/devise/sessions/new.html.erb within layouts/application (30.7ms)
Completed 200 OK in 1660ms (Views: 1642.8ms | ActiveRecord: 1.2ms)


Started GET "/assets/adresses.self-e3b0c44298fc1c149afbf4c8996fb92427ae41e4649b934ca495991b7852b855.css?body=1" for 127.0.0.1 at 2016-02-18 23:15:14 -0200


Started GET "/assets/btnANT.self-c13d37edc352f96e386c30b97e326d58f8ef361ee4506a597d1a259e63c0c7f1.css?body=1" for 127.0.0.1 at 2016-02-18 23:15:14 -0200


Started GET "/assets/companies.self-e3b0c44298fc1c149afbf4c8996fb92427ae41e4649b934ca495991b7852b855.css?body=1" for 127.0.0.1 at 2016-02-18 23:15:14 -0200


Started GET "/assets/scaffolds.self-e3ca7917daa305e74e1e9e913f843f50f79dad83e45e14d1c8b116093ea48677.css?body=1" for 127.0.0.1 at 2016-02-18 23:15:14 -0200


Started GET "/assets/clients.self-e3b0c44298fc1c149afbf4c8996fb92427ae41e4649b934ca495991b7852b855.css?body=1" for 127.0.0.1 at 2016-02-18 23:15:14 -0200


Started GET "/assets/products.self-e3b0c44298fc1c149afbf4c8996fb92427ae41e4649b934ca495991b7852b855.css?body=1" for 127.0.0.1 at 2016-02-18 23:15:14 -0200


Started GET "/assets/sellers.self-e3b0c44298fc1c149afbf4c8996fb92427ae41e4649b934ca495991b7852b855.css?body=1" for 127.0.0.1 at 2016-02-18 23:15:14 -0200


Started GET "/assets/style.self-467f8a27647f7a38a05c0807b8971482c223c7fe5cfc3b71a965ca26a67c3468.css?body=1" for 127.0.0.1 at 2016-02-18 23:15:14 -0200


Started GET "/assets/suppliers.self-e3b0c44298fc1c149afbf4c8996fb92427ae41e4649b934ca495991b7852b855.css?body=1" for 127.0.0.1 at 2016-02-18 23:15:14 -0200


Started GET "/assets/jquery.self-c64a74367bda6ef8b860f19e74df08927ca99d2be2ac934e9e92d5fd361e0da4.js?body=1" for 127.0.0.1 at 2016-02-18 23:15:14 -0200


Started GET "/assets/jquery_ujs.self-d602bdfe68ffc63b9f9cc512872aa3cfff046228a0a36e90dd476e8ef54c1b09.js?body=1" for 127.0.0.1 at 2016-02-18 23:15:14 -0200


Started GET "/assets/adresses.self-877aef30ae1b040ab8a3aba4e3e309a11d7f2612f44dde450b5c157aa5f95c05.js?body=1" for 127.0.0.1 at 2016-02-18 23:15:14 -0200


Started GET "/assets/clients.self-877aef30ae1b040ab8a3aba4e3e309a11d7f2612f44dde450b5c157aa5f95c05.js?body=1" for 127.0.0.1 at 2016-02-18 23:15:14 -0200


Started GET "/assets/companies.self-877aef30ae1b040ab8a3aba4e3e309a11d7f2612f44dde450b5c157aa5f95c05.js?body=1" for 127.0.0.1 at 2016-02-18 23:15:14 -0200


Started GET "/assets/products.self-877aef30ae1b040ab8a3aba4e3e309a11d7f2612f44dde450b5c157aa5f95c05.js?body=1" for 127.0.0.1 at 2016-02-18 23:15:14 -0200


Started GET "/assets/sellers.self-877aef30ae1b040ab8a3aba4e3e309a11d7f2612f44dde450b5c157aa5f95c05.js?body=1" for 127.0.0.1 at 2016-02-18 23:15:14 -0200


Started GET "/assets/suppliers.self-877aef30ae1b040ab8a3aba4e3e309a11d7f2612f44dde450b5c157aa5f95c05.js?body=1" for 127.0.0.1 at 2016-02-18 23:15:14 -0200


Started GET "/assets/application.self-3b8dabdc891efe46b9a144b400ad69e37d7e5876bdc39dee783419a69d7ca819.js?body=1" for 127.0.0.1 at 2016-02-18 23:15:14 -0200


Started GET "/users/sign_up" for 127.0.0.1 at 2016-02-18 23:21:41 -0200
Processing by Devise::RegistrationsController#new as HTML
  Rendered /var/lib/gems/2.1.0/gems/devise-3.5.6/app/views/devise/shared/_links.html.erb (4.1ms)
  Rendered /var/lib/gems/2.1.0/gems/devise-3.5.6/app/views/devise/registrations/new.html.erb within layouts/application (11.4ms)
Completed 200 OK in 45ms (Views: 44.0ms | ActiveRecord: 0.0ms)


Started POST "/users" for 127.0.0.1 at 2016-02-18 23:22:02 -0200
Processing by Devise::RegistrationsController#create as HTML
  Parameters: {"utf8"=>"✓", "authenticity_token"=>"20Lqa9CRqECRZz+oN8CYXZQkBW9XF6POS10YCvtOTkxHJbgoTvau5iPlM0guYtRyrT/XsAX0ZVW3Mj+eyQvwww==", "user"=>{"email"=>"teste@teste.com", "password"=>"[FILTERED]", "password_confirmation"=>"[FILTERED]"}, "commit"=>"Sign up"}
  [1m[35m (0.2ms)[0m  BEGIN
  [1m[36mUser Exists (14.5ms)[0m  [1mSELECT  1 AS one FROM `users` WHERE `users`.`email` = BINARY 'teste@teste.com' LIMIT 1[0m
  [1m[35mSQL (0.3ms)[0m  INSERT INTO `users` (`email`, `encrypted_password`, `created_at`, `updated_at`) VALUES ('teste@teste.com', '$2a$10$NlC0bJwVVLhAuNa4j7QgfOcuP0TvduaTxQQjQ9Rv6jJa0K1axoh8i', '2016-02-19 01:22:02', '2016-02-19 01:22:02')
  [1m[36m (40.5ms)[0m  [1mCOMMIT[0m
  [1m[35m (0.1ms)[0m  BEGIN
  [1m[36mSQL (0.3ms)[0m  [1mUPDATE `users` SET `last_sign_in_at` = '2016-02-19 01:22:02', `current_sign_in_at` = '2016-02-19 01:22:02', `last_sign_in_ip` = '127.0.0.1', `current_sign_in_ip` = '127.0.0.1', `sign_in_count` = 1, `updated_at` = '2016-02-19 01:22:02' WHERE `users`.`id` = 1[0m
  [1m[35m (38.3ms)[0m  COMMIT
Redirected to http://localhost:3000/products/index
Completed 302 Found in 336ms (ActiveRecord: 94.2ms)


Started GET "/products/index" for 127.0.0.1 at 2016-02-18 23:22:03 -0200
Processing by ProductsController#show as HTML
  Parameters: {"id"=>"index"}
  [1m[36mUser Load (0.5ms)[0m  [1mSELECT  `users`.* FROM `users` WHERE `users`.`id` = 1  ORDER BY `users`.`id` ASC LIMIT 1[0m
  [1m[35mProduct Load (0.3ms)[0m  SELECT  `products`.* FROM `products` WHERE `products`.`id` = 0 LIMIT 1
Completed 404 Not Found in 13ms (ActiveRecord: 1.7ms)

ActiveRecord::RecordNotFound (Couldn't find Product with 'id'=index):
  app/controllers/products_controller.rb:67:in `set_product'


  Rendered /var/lib/gems/2.1.0/gems/actionpack-4.2.5.1/lib/action_dispatch/middleware/templates/rescues/_source.erb (6.1ms)
  Rendered /var/lib/gems/2.1.0/gems/actionpack-4.2.5.1/lib/action_dispatch/middleware/templates/rescues/_trace.html.erb (2.6ms)
  Rendered /var/lib/gems/2.1.0/gems/actionpack-4.2.5.1/lib/action_dispatch/middleware/templates/rescues/_request_and_response.html.erb (1.0ms)
  Rendered /var/lib/gems/2.1.0/gems/actionpack-4.2.5.1/lib/action_dispatch/middleware/templates/rescues/diagnostics.html.erb within rescues/layout (21.1ms)
  Rendered /var/lib/gems/2.1.0/gems/web-console-2.3.0/lib/web_console/templates/_markup.html.erb (0.3ms)
  Rendered /var/lib/gems/2.1.0/gems/web-console-2.3.0/lib/web_console/templates/_inner_console_markup.html.erb within layouts/inlined_string (0.3ms)
  Rendered /var/lib/gems/2.1.0/gems/web-console-2.3.0/lib/web_console/templates/_prompt_box_markup.html.erb within layouts/inlined_string (0.5ms)
  Rendered /var/lib/gems/2.1.0/gems/web-console-2.3.0/lib/web_console/templates/style.css.erb within layouts/inlined_string (0.4ms)
  Rendered /var/lib/gems/2.1.0/gems/web-console-2.3.0/lib/web_console/templates/console.js.erb within layouts/javascript (15.2ms)
  Rendered /var/lib/gems/2.1.0/gems/web-console-2.3.0/lib/web_console/templates/main.js.erb within layouts/javascript (0.3ms)
  Rendered /var/lib/gems/2.1.0/gems/web-console-2.3.0/lib/web_console/templates/error_page.js.erb within layouts/javascript (0.4ms)
  Rendered /var/lib/gems/2.1.0/gems/web-console-2.3.0/lib/web_console/templates/index.html.erb (30.0ms)


Started GET "/users/sign_in" for 127.0.0.1 at 2016-02-18 23:23:18 -0200
Processing by Devise::SessionsController#new as HTML
  [1m[36mUser Load (0.4ms)[0m  [1mSELECT  `users`.* FROM `users` WHERE `users`.`id` = 1  ORDER BY `users`.`id` ASC LIMIT 1[0m
Redirected to http://localhost:3000/
Filter chain halted as :require_no_authentication rendered or redirected
Completed 302 Found in 4ms (ActiveRecord: 0.4ms)


Started GET "/" for 127.0.0.1 at 2016-02-18 23:23:18 -0200
Processing by Rails::WelcomeController#index as HTML
  Rendered /var/lib/gems/2.1.0/gems/railties-4.2.5.1/lib/rails/templates/rails/welcome/index.html.erb (0.1ms)
Completed 200 OK in 2ms (Views: 1.4ms | ActiveRecord: 0.0ms)


Started GET "/users/sign_in" for 127.0.0.1 at 2016-02-18 23:23:26 -0200
Processing by Devise::SessionsController#new as HTML
  [1m[35mUser Load (0.4ms)[0m  SELECT  `users`.* FROM `users` WHERE `users`.`id` = 1  ORDER BY `users`.`id` ASC LIMIT 1
Redirected to http://localhost:3000/
Filter chain halted as :require_no_authentication rendered or redirected
Completed 302 Found in 3ms (ActiveRecord: 0.4ms)


Started GET "/" for 127.0.0.1 at 2016-02-18 23:23:26 -0200
Processing by Rails::WelcomeController#index as HTML
  Rendered /var/lib/gems/2.1.0/gems/railties-4.2.5.1/lib/rails/templates/rails/welcome/index.html.erb (0.1ms)
Completed 200 OK in 2ms (Views: 1.3ms | ActiveRecord: 0.0ms)


Started GET "/users/sign_in" for 127.0.0.1 at 2016-02-18 23:23:35 -0200
Processing by Devise::SessionsController#new as HTML
  [1m[36mUser Load (1.3ms)[0m  [1mSELECT  `users`.* FROM `users` WHERE `users`.`id` = 1  ORDER BY `users`.`id` ASC LIMIT 1[0m
Redirected to http://localhost:3000/
Filter chain halted as :require_no_authentication rendered or redirected
Completed 302 Found in 7ms (ActiveRecord: 1.3ms)


Started GET "/" for 127.0.0.1 at 2016-02-18 23:23:35 -0200
Processing by Rails::WelcomeController#index as HTML
  Rendered /var/lib/gems/2.1.0/gems/railties-4.2.5.1/lib/rails/templates/rails/welcome/index.html.erb (0.1ms)
Completed 200 OK in 2ms (Views: 1.0ms | ActiveRecord: 0.0ms)


Started GET "/products/index" for 127.0.0.1 at 2016-02-18 23:23:44 -0200
Processing by ProductsController#show as HTML
  Parameters: {"id"=>"index"}
  [1m[35mUser Load (0.5ms)[0m  SELECT  `users`.* FROM `users` WHERE `users`.`id` = 1  ORDER BY `users`.`id` ASC LIMIT 1
  [1m[36mProduct Load (0.3ms)[0m  [1mSELECT  `products`.* FROM `products` WHERE `products`.`id` = 0 LIMIT 1[0m
Completed 404 Not Found in 4ms (ActiveRecord: 0.8ms)

ActiveRecord::RecordNotFound (Couldn't find Product with 'id'=index):
  app/controllers/products_controller.rb:67:in `set_product'


  Rendered /var/lib/gems/2.1.0/gems/actionpack-4.2.5.1/lib/action_dispatch/middleware/templates/rescues/_source.erb (6.1ms)
  Rendered /var/lib/gems/2.1.0/gems/actionpack-4.2.5.1/lib/action_dispatch/middleware/templates/rescues/_trace.html.erb (2.6ms)
  Rendered /var/lib/gems/2.1.0/gems/actionpack-4.2.5.1/lib/action_dispatch/middleware/templates/rescues/_request_and_response.html.erb (1.0ms)
  Rendered /var/lib/gems/2.1.0/gems/actionpack-4.2.5.1/lib/action_dispatch/middleware/templates/rescues/diagnostics.html.erb within rescues/layout (20.8ms)
  Rendered /var/lib/gems/2.1.0/gems/web-console-2.3.0/lib/web_console/templates/_markup.html.erb (0.4ms)
  Rendered /var/lib/gems/2.1.0/gems/web-console-2.3.0/lib/web_console/templates/_inner_console_markup.html.erb within layouts/inlined_string (0.5ms)
  Rendered /var/lib/gems/2.1.0/gems/web-console-2.3.0/lib/web_console/templates/_prompt_box_markup.html.erb within layouts/inlined_string (0.5ms)
  Rendered /var/lib/gems/2.1.0/gems/web-console-2.3.0/lib/web_console/templates/style.css.erb within layouts/inlined_string (0.4ms)
  Rendered /var/lib/gems/2.1.0/gems/web-console-2.3.0/lib/web_console/templates/console.js.erb within layouts/javascript (15.0ms)
  Rendered /var/lib/gems/2.1.0/gems/web-console-2.3.0/lib/web_console/templates/main.js.erb within layouts/javascript (0.3ms)
  Rendered /var/lib/gems/2.1.0/gems/web-console-2.3.0/lib/web_console/templates/error_page.js.erb within layouts/javascript (0.4ms)
  Rendered /var/lib/gems/2.1.0/gems/web-console-2.3.0/lib/web_console/templates/index.html.erb (29.7ms)


Started GET "/products" for 127.0.0.1 at 2016-02-18 23:23:56 -0200
Processing by ProductsController#index as HTML
  [1m[35mUser Load (0.4ms)[0m  SELECT  `users`.* FROM `users` WHERE `users`.`id` = 1  ORDER BY `users`.`id` ASC LIMIT 1
  [1m[36mProduct Load (0.3ms)[0m  [1mSELECT `products`.* FROM `products`[0m
  Rendered products/index.html.erb within layouts/application (2.1ms)
Completed 200 OK in 43ms (Views: 40.6ms | ActiveRecord: 0.7ms)


Started GET "/products/new" for 127.0.0.1 at 2016-02-18 23:24:14 -0200
Processing by ProductsController#new as HTML
  [1m[35mUser Load (0.3ms)[0m  SELECT  `users`.* FROM `users` WHERE `users`.`id` = 1  ORDER BY `users`.`id` ASC LIMIT 1
  Rendered products/_form.html.erb (4.3ms)
  Rendered products/new.html.erb within layouts/application (6.2ms)
Completed 200 OK in 46ms (Views: 39.6ms | ActiveRecord: 0.3ms)


Started POST "/products" for 127.0.0.1 at 2016-02-18 23:24:29 -0200
Processing by ProductsController#create as HTML
  Parameters: {"utf8"=>"✓", "authenticity_token"=>"NQ/MINKK381g0s05aViA2Er3aUbGwowtcqLXvUFGDuWpaJ5jTO3Za9JQwdlw+sz3c+y7mZQhSraOzfApcwOwag==", "product"=>{"name"=>"oo", "quantity"=>"5", "price"=>"50.0", "supplier_id"=>""}, "commit"=>"Create Product"}
  [1m[36mUser Load (0.4ms)[0m  [1mSELECT  `users`.* FROM `users` WHERE `users`.`id` = 1  ORDER BY `users`.`id` ASC LIMIT 1[0m
  [1m[35m (0.2ms)[0m  BEGIN
  [1m[36mSQL (0.3ms)[0m  [1mINSERT INTO `products` (`name`, `quantity`, `price`, `created_at`, `updated_at`) VALUES ('oo', 5.0, 50.0, '2016-02-19 01:24:29', '2016-02-19 01:24:29')[0m
  [1m[35m (83.6ms)[0m  COMMIT
Redirected to http://localhost:3000/products/1
Completed 302 Found in 91ms (ActiveRecord: 84.4ms)


Started GET "/products/1" for 127.0.0.1 at 2016-02-18 23:24:29 -0200
Processing by ProductsController#show as HTML
  Parameters: {"id"=>"1"}
  [1m[36mUser Load (0.3ms)[0m  [1mSELECT  `users`.* FROM `users` WHERE `users`.`id` = 1  ORDER BY `users`.`id` ASC LIMIT 1[0m
  [1m[35mProduct Load (0.2ms)[0m  SELECT  `products`.* FROM `products` WHERE `products`.`id` = 1 LIMIT 1
  Rendered products/show.html.erb within layouts/application (7.6ms)
Completed 200 OK in 55ms (Views: 52.8ms | ActiveRecord: 0.5ms)


Started GET "/products" for 127.0.0.1 at 2016-02-18 23:24:33 -0200
Processing by ProductsController#index as HTML
  [1m[36mUser Load (0.4ms)[0m  [1mSELECT  `users`.* FROM `users` WHERE `users`.`id` = 1  ORDER BY `users`.`id` ASC LIMIT 1[0m
  [1m[35mProduct Load (0.3ms)[0m  SELECT `products`.* FROM `products`
  Rendered products/index.html.erb within layouts/application (2.4ms)
Completed 200 OK in 47ms (Views: 44.9ms | ActiveRecord: 0.7ms)
